mode: set
webapp/cmd/web/handlers.go:14.70,17.45 2 1
webapp/cmd/web/handlers.go:24.2,24.67 1 1
webapp/cmd/web/handlers.go:17.45,20.3 2 1
webapp/cmd/web/handlers.go:20.8,22.3 1 1
webapp/cmd/web/handlers.go:27.73,29.2 1 0
webapp/cmd/web/handlers.go:39.106,42.16 2 1
webapp/cmd/web/handlers.go:46.2,52.16 5 1
webapp/cmd/web/handlers.go:55.2,55.12 1 1
webapp/cmd/web/handlers.go:42.16,44.3 1 0
webapp/cmd/web/handlers.go:52.16,54.3 1 1
webapp/cmd/web/handlers.go:58.71,60.16 2 1
webapp/cmd/web/handlers.go:66.2,69.19 3 1
webapp/cmd/web/handlers.go:75.2,79.16 4 1
webapp/cmd/web/handlers.go:85.5,85.45 1 1
webapp/cmd/web/handlers.go:92.2,96.59 3 1
webapp/cmd/web/handlers.go:60.16,63.3 2 0
webapp/cmd/web/handlers.go:69.19,73.3 3 1
webapp/cmd/web/handlers.go:79.16,83.3 3 1
webapp/cmd/web/handlers.go:85.45,89.6 3 1
webapp/cmd/web/handlers.go:99.94,100.75 1 1
webapp/cmd/web/handlers.go:104.5,105.16 2 1
webapp/cmd/web/handlers.go:100.75,102.6 1 1
webapp/cmd/web/main.go:22.13,29.16 4 0
webapp/cmd/web/main.go:33.2,35.19 3 0
webapp/cmd/web/main.go:38.5,50.16 6 0
webapp/cmd/web/main.go:29.16,31.3 1 0
webapp/cmd/web/main.go:35.19,37.6 1 0
webapp/cmd/web/main.go:50.16,52.3 1 0
webapp/cmd/web/middleware.go:14.67,16.2 1 1
webapp/cmd/web/middleware.go:18.72,19.74 1 1
webapp/cmd/web/middleware.go:19.74,23.23 3 1
webapp/cmd/web/middleware.go:32.9,32.46 1 1
webapp/cmd/web/middleware.go:23.23,25.29 2 1
webapp/cmd/web/middleware.go:28.13,28.69 1 1
webapp/cmd/web/middleware.go:25.29,27.14 1 1
webapp/cmd/web/middleware.go:29.15,31.10 1 1
webapp/cmd/web/middleware.go:36.45,38.19 2 1
webapp/cmd/web/middleware.go:42.5,43.22 2 1
webapp/cmd/web/middleware.go:47.5,48.25 2 1
webapp/cmd/web/middleware.go:52.5,52.21 1 1
webapp/cmd/web/middleware.go:56.5,56.19 1 1
webapp/cmd/web/middleware.go:38.19,40.6 1 1
webapp/cmd/web/middleware.go:43.22,45.6 1 1
webapp/cmd/web/middleware.go:48.25,50.6 1 1
webapp/cmd/web/middleware.go:52.21,54.6 1 0
webapp/cmd/web/middleware.go:59.62,60.74 1 1
webapp/cmd/web/middleware.go:60.74,61.53 1 1
webapp/cmd/web/middleware.go:66.9,66.29 1 1
webapp/cmd/web/middleware.go:61.53,65.10 3 1
webapp/cmd/web/routes.go:10.47,22.45 7 1
webapp/cmd/web/routes.go:28.5,30.15 3 1
webapp/cmd/web/routes.go:22.45,25.6 2 1
webapp/cmd/web/sessions.go:10.39,18.2 6 1
webapp/cmd/web/db.go:12.42,14.19 2 0
webapp/cmd/web/db.go:18.5,19.19 2 0
webapp/cmd/web/db.go:23.5,23.19 1 0
webapp/cmd/web/db.go:14.19,16.6 1 0
webapp/cmd/web/db.go:19.19,21.6 1 0
webapp/cmd/web/db.go:26.55,28.19 2 0
webapp/cmd/web/db.go:31.5,32.27 2 0
webapp/cmd/web/db.go:28.19,30.6 1 0
webapp/cmd/web/forms.go:15.42,17.29 2 1
webapp/cmd/web/forms.go:21.5,21.25 1 1
webapp/cmd/web/forms.go:17.29,19.6 1 1
webapp/cmd/web/forms.go:24.44,26.2 1 1
webapp/cmd/web/forms.go:28.37,33.2 1 1
webapp/cmd/web/forms.go:35.38,37.16 2 1
webapp/cmd/web/forms.go:40.5,40.16 1 1
webapp/cmd/web/forms.go:37.16,39.6 1 1
webapp/cmd/web/forms.go:43.43,44.34 1 1
webapp/cmd/web/forms.go:44.34,47.43 2 1
webapp/cmd/web/forms.go:47.43,49.10 1 1
webapp/cmd/web/forms.go:53.52,54.12 1 1
webapp/cmd/web/forms.go:54.12,56.6 1 1
webapp/cmd/web/forms.go:60.29,62.2 1 1
